2023-05-23 13:18:31,729 [DEBUG] Total members in the group: 60
2023-05-23 13:18:31,729 [DEBUG] {'D': 8, 'A': 20, 'B': 18, 'C': 14}
2023-05-23 13:18:31,729 [DEBUG] Group4 members: 2, Group5 members: 4, Group6 members: 3, Group7 members: 2, Total group: 60
2023-05-23 13:18:31,732 [WARNING] >>> Claim occurred by user44 in period1
2023-05-23 13:18:31,734 [INFO] Slope:		0.25
2023-05-23 13:18:31,735 [INFO] Run 1 PH Skip Pct: 0.078125 User: 0 Random num: 0.20138384282303945
2023-05-23 13:18:31,735 [INFO] Run 1 PH Skip Pct: 0.078125 User: 1 Random num: 0.319600795673569
2023-05-23 13:18:31,736 [INFO] Run 1 PH Skip Pct: 0.078125 User: 2 Random num: 0.49608004038032827
2023-05-23 13:18:31,736 [INFO] Run 1 PH Skip Pct: 0.078125 User: 3 Random num: 0.9487364818087113
2023-05-23 13:18:31,750 [INFO] Run 1 PH Skip Pct: 0.078125 User: 8 Random num: 0.1975236718322797
2023-05-23 13:18:31,751 [INFO] Run 1 PH Skip Pct: 0.078125 User: 9 Random num: 0.5662824381799805
2023-05-23 13:18:31,751 [INFO] Run 1 PH Skip Pct: 0.078125 User: 10 Random num: 0.029240545377551164
2023-05-23 13:18:31,751 [INFO] Run 1 PH Skip Pct: 0.078125 User: 11 Random num: 0.1922003498728403
2023-05-23 13:18:31,751 [INFO] Run 1 PH Skip Pct: 0.078125 User: 12 Random num: 0.9381776979244971
2023-05-23 13:18:31,752 [INFO] Run 1 PH Skip Pct: 0.078125 User: 13 Random num: 0.341672238468435
2023-05-23 13:18:31,752 [INFO] Run 1 PH Skip Pct: 0.078125 User: 14 Random num: 0.9658058005345975
2023-05-23 13:18:31,752 [INFO] Run 1 PH Skip Pct: 0.078125 User: 15 Random num: 0.055882560779169976
2023-05-23 13:18:31,753 [INFO] Run 1 PH Skip Pct: 0.078125 User: 16 Random num: 0.0028752185835376753
2023-05-23 13:18:31,753 [INFO] Run 1 PH Skip Pct: 0.078125 User: 17 Random num: 0.7433970140520121
2023-05-23 13:18:31,753 [INFO] Run 1 PH Skip Pct: 0.078125 User: 18 Random num: 0.7032438583224822
2023-05-23 13:18:31,754 [INFO] Run 1 PH Skip Pct: 0.078125 User: 19 Random num: 0.41080326574781345
2023-05-23 13:18:31,754 [INFO] Run 1 PH Skip Pct: 0.078125 User: 21 Random num: 0.7175347454604055
2023-05-23 13:18:31,754 [INFO] Run 1 PH Skip Pct: 0.078125 User: 22 Random num: 0.9786088018265907
2023-05-23 13:18:31,755 [INFO] Run 1 PH Skip Pct: 0.078125 User: 23 Random num: 0.31412216063125287
2023-05-23 13:18:31,755 [INFO] Run 1 PH Skip Pct: 0.078125 User: 24 Random num: 0.5951865006105876
2023-05-23 13:18:31,755 [INFO] Run 1 PH Skip Pct: 0.078125 User: 25 Random num: 0.4207286395403025
2023-05-23 13:18:31,756 [INFO] Run 1 PH Skip Pct: 0.078125 User: 26 Random num: 0.2195554136003921
2023-05-23 13:18:31,756 [INFO] Run 1 PH Skip Pct: 0.078125 User: 27 Random num: 0.36622896016480133
2023-05-23 13:18:31,756 [INFO] Run 1 PH Skip Pct: 0.078125 User: 28 Random num: 0.5691561926685008
2023-05-23 13:18:31,757 [INFO] Run 1 PH Skip Pct: 0.078125 User: 29 Random num: 0.25059478120511935
2023-05-23 13:18:31,757 [INFO] Run 1 PH Skip Pct: 0.078125 User: 30 Random num: 0.08792437564916122
2023-05-23 13:18:31,757 [INFO] Run 1 PH Skip Pct: 0.078125 User: 31 Random num: 0.67268269174256
2023-05-23 13:18:31,758 [INFO] Run 1 PH Skip Pct: 0.078125 User: 32 Random num: 0.5334542432086483
2023-05-23 13:18:31,758 [INFO] Run 1 PH Skip Pct: 0.078125 User: 33 Random num: 0.6383169750566894
2023-05-23 13:18:31,758 [INFO] Run 1 PH Skip Pct: 0.078125 User: 35 Random num: 0.01728990581204859
2023-05-23 13:18:31,759 [INFO] Run 1 PH Skip Pct: 0.078125 User: 36 Random num: 0.968867744969393
2023-05-23 13:18:31,759 [INFO] Run 1 PH Skip Pct: 0.078125 User: 37 Random num: 0.09404478581312237
2023-05-23 13:18:31,759 [INFO] Run 1 PH Skip Pct: 0.078125 User: 38 Random num: 0.1707586103465074
2023-05-23 13:18:31,760 [INFO] Run 1 PH Skip Pct: 0.078125 User: 39 Random num: 0.9292007730111616
2023-05-23 13:18:31,760 [INFO] Run 1 PH Skip Pct: 0.078125 User: 40 Random num: 0.29211301614038576
2023-05-23 13:18:31,761 [INFO] Run 1 PH Skip Pct: 0.078125 User: 41 Random num: 0.348115948109733
2023-05-23 13:18:31,761 [INFO] Run 1 PH Skip Pct: 0.078125 User: 42 Random num: 0.8353761408697166
2023-05-23 13:18:31,761 [INFO] Run 1 PH Skip Pct: 0.078125 User: 43 Random num: 0.7730451764954293
2023-05-23 13:18:31,762 [INFO] Run 1 PH Skip Pct: 0.078125 User: 44 Random num: 0.3142074986633343
2023-05-23 13:18:31,762 [INFO] Run 1 PH Skip Pct: 0.078125 User: 45 Random num: 0.4422904213310148
2023-05-23 13:18:31,762 [INFO] Run 1 PH Skip Pct: 0.078125 User: 46 Random num: 0.19395607994615982
2023-05-23 13:18:31,763 [INFO] Run 1 PH Skip Pct: 0.078125 User: 47 Random num: 0.3620188906314137
2023-05-23 13:18:31,763 [INFO] Run 1 PH Skip Pct: 0.078125 User: 48 Random num: 0.15550603176138655
2023-05-23 13:18:31,763 [INFO] Run 1 PH Skip Pct: 0.078125 User: 49 Random num: 0.13247505431803586
2023-05-23 13:18:31,764 [INFO] Run 1 PH Skip Pct: 0.078125 User: 51 Random num: 0.7911619132067075
2023-05-23 13:18:31,764 [INFO] Run 1 PH Skip Pct: 0.078125 User: 52 Random num: 0.644622253121887
2023-05-23 13:18:31,764 [INFO] Run 1 PH Skip Pct: 0.078125 User: 53 Random num: 0.8344035098365639
2023-05-23 13:18:31,764 [INFO] Run 1 PH Skip Pct: 0.078125 User: 54 Random num: 0.4587849068751966
2023-05-23 13:18:31,765 [INFO] Run 1 PH Skip Pct: 0.078125 User: 55 Random num: 0.2910658303503416
2023-05-23 13:18:31,765 [INFO] Run 1 PH Skip Pct: 0.078125 User: 56 Random num: 0.4369694126054444
2023-05-23 13:18:31,765 [INFO] Run 1 PH Skip Pct: 0.078125 User: 57 Random num: 0.3518585237579386
2023-05-23 13:18:31,766 [INFO] Run 1 PH Skip Pct: 0.078125 User: 58 Random num: 0.32691820288275264
2023-05-23 13:18:31,766 [INFO] Run 1 PH Skip Pct: 0.078125 User: 59 Random num: 0.5890748738741134
2023-05-23 13:18:31,767 [ERROR] >>> Invalid mon balance: 978.8805031446544, CR: 1000, missing: 0.9924570488685447
2023-05-23 13:26:06,999 [DEBUG] Total members in the group: 60
2023-05-23 13:26:07,000 [DEBUG] {'D': 8, 'A': 20, 'B': 18, 'C': 14}
2023-05-23 13:26:07,000 [DEBUG] Group4 members: 2, Group5 members: 4, Group6 members: 3, Group7 members: 2, Total group: 60
2023-05-23 13:26:07,004 [INFO] Slope:		0.25
2023-05-23 13:26:07,005 [INFO] Run 1 PH Skip Pct: 0.140625 User: 4 Random num: 0.6151837547779115
2023-05-23 13:26:07,005 [INFO] Run 1 PH Skip Pct: 0.140625 User: 5 Random num: 0.4092864184920664
2023-05-23 13:26:07,005 [INFO] Run 1 PH Skip Pct: 0.140625 User: 6 Random num: 0.10826527907093098
2023-05-23 13:26:07,006 [INFO] Run 1 PH Skip Pct: 0.140625 User: 7 Random num: 0.6077655263953652
2023-05-23 13:26:07,006 [INFO] Run 1 PH Skip Pct: 0.140625 User: 8 Random num: 0.707365231829644
2023-05-23 13:26:07,006 [INFO] Run 1 PH Skip Pct: 0.140625 User: 9 Random num: 0.3964828569109242
2023-05-23 13:26:07,007 [INFO] Run 1 PH Skip Pct: 0.140625 User: 10 Random num: 0.19977919922003606
2023-05-23 13:26:07,007 [INFO] Run 1 PH Skip Pct: 0.140625 User: 11 Random num: 0.49596285965126863
2023-05-23 13:26:07,008 [INFO] Run 1 PH Skip Pct: 0.140625 User: 12 Random num: 0.503871075536854
2023-05-23 13:26:07,008 [INFO] Run 1 PH Skip Pct: 0.140625 User: 19 Random num: 0.9102679490781014
2023-05-23 13:26:07,008 [INFO] Run 1 PH Skip Pct: 0.140625 User: 20 Random num: 0.7715050274004498
2023-05-23 13:26:07,009 [INFO] Run 1 PH Skip Pct: 0.140625 User: 21 Random num: 0.1625130821780325
2023-05-23 13:26:07,009 [INFO] Run 1 PH Skip Pct: 0.140625 User: 22 Random num: 0.5324873562616759
2023-05-23 13:26:07,009 [INFO] Run 1 PH Skip Pct: 0.140625 User: 23 Random num: 0.9861144742234159
2023-05-23 13:26:07,010 [INFO] Run 1 PH Skip Pct: 0.140625 User: 24 Random num: 0.27648422053298927
2023-05-23 13:26:07,010 [INFO] Run 1 PH Skip Pct: 0.140625 User: 25 Random num: 0.2455192525478772
2023-05-23 13:26:07,010 [INFO] Run 1 PH Skip Pct: 0.140625 User: 26 Random num: 0.930391964409232
2023-05-23 13:26:07,011 [INFO] Run 1 PH Skip Pct: 0.140625 User: 27 Random num: 0.5689878962236059
2023-05-23 13:26:07,011 [INFO] Run 1 PH Skip Pct: 0.140625 User: 28 Random num: 0.8273354032041728
2023-05-23 13:26:07,011 [INFO] Run 1 PH Skip Pct: 0.140625 User: 29 Random num: 0.7346907320889334
2023-05-23 13:26:07,012 [INFO] Run 1 PH Skip Pct: 0.140625 User: 30 Random num: 0.9918469045378568
2023-05-23 13:26:07,012 [INFO] Run 1 PH Skip Pct: 0.140625 User: 31 Random num: 0.7442013757716962
2023-05-23 13:26:07,012 [INFO] Run 1 PH Skip Pct: 0.140625 User: 32 Random num: 0.3153908720645122
2023-05-23 13:26:07,012 [INFO] Run 1 PH Skip Pct: 0.140625 User: 33 Random num: 0.6035482730125814
2023-05-23 13:26:07,013 [INFO] Run 1 PH Skip Pct: 0.140625 User: 34 Random num: 0.0011626664367087036
2023-05-23 13:26:07,013 [INFO] Run 1 PH Skip Pct: 0.140625 User: 35 Random num: 0.0004333803851738205
2023-05-23 13:26:07,014 [INFO] Run 1 PH Skip Pct: 0.140625 User: 36 Random num: 0.30658602053279815
2023-05-23 13:26:07,014 [INFO] Run 1 PH Skip Pct: 0.140625 User: 37 Random num: 0.953286806368209
2023-05-23 13:26:07,014 [INFO] Run 1 PH Skip Pct: 0.140625 User: 38 Random num: 0.4084716020911989
2023-05-23 13:26:07,015 [INFO] Run 1 PH Skip Pct: 0.140625 User: 39 Random num: 0.7590665457602771
2023-05-23 13:26:07,015 [INFO] Run 1 PH Skip Pct: 0.140625 User: 41 Random num: 0.11880215971106878
2023-05-23 13:26:07,015 [INFO] Run 1 PH Skip Pct: 0.140625 User: 42 Random num: 0.8241810833828281
2023-05-23 13:26:07,016 [INFO] Run 1 PH Skip Pct: 0.140625 User: 43 Random num: 0.045317541874823286
2023-05-23 13:26:07,016 [INFO] Run 1 PH Skip Pct: 0.140625 User: 44 Random num: 0.4683201406975782
2023-05-23 13:26:07,017 [INFO] Run 1 PH Skip Pct: 0.140625 User: 45 Random num: 0.28271850464827064
2023-05-23 13:26:07,017 [INFO] Run 1 PH Skip Pct: 0.140625 User: 46 Random num: 0.29535762736567406
2023-05-23 13:26:07,017 [INFO] Run 1 PH Skip Pct: 0.140625 User: 47 Random num: 0.2463684620396207
2023-05-23 13:26:07,018 [INFO] Run 1 PH Skip Pct: 0.140625 User: 48 Random num: 0.9125167121141945
2023-05-23 13:26:07,018 [INFO] Run 1 PH Skip Pct: 0.140625 User: 49 Random num: 0.6387562220128661
2023-05-23 13:26:07,019 [INFO] Run 1 PH Skip Pct: 0.140625 User: 50 Random num: 0.8346862126509669
2023-05-23 13:26:07,019 [INFO] Run 1 PH Skip Pct: 0.140625 User: 51 Random num: 0.10063466687287792
2023-05-23 13:26:07,019 [INFO] Run 1 PH Skip Pct: 0.140625 User: 52 Random num: 0.6615979338878186
2023-05-23 13:26:07,020 [INFO] Run 1 PH Skip Pct: 0.140625 User: 53 Random num: 0.020639703307789303
2023-05-23 13:26:07,020 [INFO] Run 1 PH Skip Pct: 0.140625 User: 54 Random num: 0.19713479769996278
2023-05-23 13:26:07,020 [INFO] Run 1 PH Skip Pct: 0.140625 User: 55 Random num: 0.9540267567289561
2023-05-23 13:26:07,021 [INFO] Run 1 PH Skip Pct: 0.140625 User: 56 Random num: 0.9964081909007814
2023-05-23 13:26:07,021 [INFO] Run 1 PH Skip Pct: 0.140625 User: 57 Random num: 0.8070320335641942
2023-05-23 13:26:07,022 [INFO] Run 1 PH Skip Pct: 0.140625 User: 58 Random num: 0.4580340412522147
2023-05-23 13:26:07,022 [INFO] Run 1 PH Skip Pct: 0.140625 User: 59 Random num: 0.574047836155916
2023-05-23 13:26:07,024 [ERROR] >>> Invalid mon balance: 984.0816326530618, CR: 1000, _active: 36, missing: 0.5823309829945913
2023-05-23 13:34:42,485 [DEBUG] Total members in the group: 60
2023-05-23 13:34:42,486 [DEBUG] {'D': 8, 'A': 20, 'B': 18, 'C': 14}
2023-05-23 13:34:42,486 [DEBUG] Group4 members: 2, Group5 members: 4, Group6 members: 3, Group7 members: 2, Total group: 60
2023-05-23 13:34:42,490 [INFO] Slope:		0.25
2023-05-23 13:34:42,491 [INFO] Run 1 PH Skip Pct: 0.125 User: 0 Random num: 0.7572327105716813
2023-05-23 13:34:42,491 [INFO] Run 1 PH Skip Pct: 0.125 User: 1 Random num: 0.8557635233879293
2023-05-23 13:34:42,491 [INFO] Run 1 PH Skip Pct: 0.125 User: 2 Random num: 0.9079776238936033
2023-05-23 13:34:42,492 [INFO] Run 1 PH Skip Pct: 0.125 User: 3 Random num: 0.9324650850094621
2023-05-23 13:34:42,492 [INFO] Run 1 PH Skip Pct: 0.125 User: 4 Random num: 0.5766061027906886
2023-05-23 13:34:42,492 [INFO] Run 1 PH Skip Pct: 0.125 User: 5 Random num: 0.7890659440867985
2023-05-23 13:34:42,493 [INFO] Run 1 PH Skip Pct: 0.125 User: 6 Random num: 0.4745476223538526
2023-05-23 13:34:42,493 [INFO] Run 1 PH Skip Pct: 0.125 User: 7 Random num: 0.9800090999632407
2023-05-23 13:34:42,493 [INFO] Run 1 PH Skip Pct: 0.125 User: 8 Random num: 0.08317716684834486
2023-05-23 13:34:42,494 [INFO] Run 1 PH Skip Pct: 0.125 User: 9 Random num: 0.12904949334930715
2023-05-23 13:34:42,494 [INFO] Run 1 PH Skip Pct: 0.125 User: 10 Random num: 0.0287736534450298
2023-05-23 13:34:42,495 [INFO] Run 1 PH Skip Pct: 0.125 User: 11 Random num: 0.28229945705704984
2023-05-23 13:34:42,495 [INFO] Run 1 PH Skip Pct: 0.125 User: 12 Random num: 0.5894629661538303
2023-05-23 13:34:42,495 [INFO] Run 1 PH Skip Pct: 0.125 User: 13 Random num: 0.07610645479612543
2023-05-23 13:34:42,496 [INFO] Run 1 PH Skip Pct: 0.125 User: 15 Random num: 0.6334574129372528
2023-05-23 13:34:42,496 [INFO] Run 1 PH Skip Pct: 0.125 User: 16 Random num: 0.025099476892182504
2023-05-23 13:34:42,496 [INFO] Run 1 PH Skip Pct: 0.125 User: 17 Random num: 0.6960851797886628
2023-05-23 13:34:42,497 [INFO] Run 1 PH Skip Pct: 0.125 User: 18 Random num: 0.7915479124993395
2023-05-23 13:34:42,497 [INFO] Run 1 PH Skip Pct: 0.125 User: 19 Random num: 0.9504152403462199
2023-05-23 13:34:42,497 [INFO] Run 1 PH Skip Pct: 0.125 User: 20 Random num: 0.016353122781405216
2023-05-23 13:34:42,497 [INFO] Run 1 PH Skip Pct: 0.125 User: 21 Random num: 0.46364986244928774
2023-05-23 13:34:42,498 [INFO] Run 1 PH Skip Pct: 0.125 User: 22 Random num: 0.6490198620059294
2023-05-23 13:34:42,498 [INFO] Run 1 PH Skip Pct: 0.125 User: 23 Random num: 0.015828317081287735
2023-05-23 13:34:42,498 [INFO] Run 1 PH Skip Pct: 0.125 User: 24 Random num: 0.3778692027662409
2023-05-23 13:34:42,499 [INFO] Run 1 PH Skip Pct: 0.125 User: 25 Random num: 0.18808546420733485
2023-05-23 13:34:42,499 [INFO] Run 1 PH Skip Pct: 0.125 User: 26 Random num: 0.686351626219018
2023-05-23 13:34:42,499 [INFO] Run 1 PH Skip Pct: 0.125 User: 27 Random num: 0.009472156572952639
2023-05-23 13:34:42,500 [INFO] Run 1 PH Skip Pct: 0.125 User: 34 Random num: 0.02728969515241353
2023-05-23 13:34:42,500 [INFO] Run 1 PH Skip Pct: 0.125 User: 35 Random num: 0.4762759072184871
2023-05-23 13:34:42,500 [INFO] Run 1 PH Skip Pct: 0.125 User: 36 Random num: 0.4472278569778453
2023-05-23 13:34:42,501 [INFO] Run 1 PH Skip Pct: 0.125 User: 37 Random num: 0.4213045075255296
2023-05-23 13:34:42,501 [INFO] Run 1 PH Skip Pct: 0.125 User: 38 Random num: 0.310783847180121
2023-05-23 13:34:42,501 [INFO] Run 1 PH Skip Pct: 0.125 User: 39 Random num: 0.13439290594260278
2023-05-23 13:34:42,501 [INFO] Run 1 PH Skip Pct: 0.125 User: 40 Random num: 0.22921712490948865
2023-05-23 13:34:42,502 [INFO] Run 1 PH Skip Pct: 0.125 User: 41 Random num: 0.3773687167266131
2023-05-23 13:34:42,502 [INFO] Run 1 PH Skip Pct: 0.125 User: 42 Random num: 0.7618739495710256
2023-05-23 13:34:42,502 [INFO] Run 1 PH Skip Pct: 0.125 User: 43 Random num: 0.2709474137935557
2023-05-23 13:34:42,503 [INFO] Run 1 PH Skip Pct: 0.125 User: 44 Random num: 0.8034634533803184
2023-05-23 13:34:42,503 [INFO] Run 1 PH Skip Pct: 0.125 User: 45 Random num: 0.6576871912018727
2023-05-23 13:34:42,503 [INFO] Run 1 PH Skip Pct: 0.125 User: 46 Random num: 0.7586773507577376
2023-05-23 13:34:42,503 [INFO] Run 1 PH Skip Pct: 0.125 User: 47 Random num: 0.35443805604702827
2023-05-23 13:34:42,504 [INFO] Run 1 PH Skip Pct: 0.125 User: 48 Random num: 0.05042490317223303
2023-05-23 13:34:42,504 [INFO] Run 1 PH Skip Pct: 0.125 User: 49 Random num: 0.18189811423329738
2023-05-23 13:34:42,505 [INFO] Run 1 PH Skip Pct: 0.125 User: 50 Random num: 0.5051549506087805
2023-05-23 13:34:42,505 [INFO] Run 1 PH Skip Pct: 0.125 User: 51 Random num: 0.9363686523078524
2023-05-23 13:34:42,505 [INFO] Run 1 PH Skip Pct: 0.125 User: 52 Random num: 0.2663449089569472
2023-05-23 13:34:42,506 [INFO] Run 1 PH Skip Pct: 0.125 User: 53 Random num: 0.42527054816890286
2023-05-23 13:34:42,506 [INFO] Run 1 PH Skip Pct: 0.125 User: 54 Random num: 0.48779857946520067
2023-05-23 13:34:42,506 [INFO] Run 1 PH Skip Pct: 0.125 User: 55 Random num: 0.9182736901465315
2023-05-23 13:34:42,507 [INFO] Run 1 PH Skip Pct: 0.125 User: 57 Random num: 0.08461532655693005
2023-05-23 13:34:42,507 [INFO] Run 1 PH Skip Pct: 0.125 User: 59 Random num: 0.35688261149508516
2023-05-23 13:34:42,509 [INFO] Slope:		0.25
2023-05-23 13:34:42,511 [ERROR] >>> Invalid mon balance: 224.50980392156845, CR: 1000, _active: 38, missing: 131.25764192139752
2023-05-23 13:35:56,422 [DEBUG] Total members in the group: 60
2023-05-23 13:35:56,422 [DEBUG] {'D': 8, 'A': 20, 'B': 18, 'C': 14}
2023-05-23 13:35:56,423 [DEBUG] Group4 members: 2, Group5 members: 4, Group6 members: 3, Group7 members: 2, Total group: 60
2023-05-23 13:35:56,427 [INFO] Slope:		0.25
2023-05-23 13:35:56,427 [INFO] Run 1 PH Skip Pct: 0.078125 User: 0 Random num: 0.36732262333361554
2023-05-23 13:35:56,428 [INFO] Run 1 PH Skip Pct: 0.078125 User: 1 Random num: 0.5769900537400702
2023-05-23 13:35:56,428 [INFO] Run 1 PH Skip Pct: 0.078125 User: 2 Random num: 0.70838297100806
2023-05-23 13:35:56,428 [INFO] Run 1 PH Skip Pct: 0.078125 User: 3 Random num: 0.4539629316921592
2023-05-23 13:35:56,429 [INFO] Run 1 PH Skip Pct: 0.078125 User: 4 Random num: 0.2244866857262875
2023-05-23 13:35:56,429 [INFO] Run 1 PH Skip Pct: 0.078125 User: 5 Random num: 0.6747731305866493
2023-05-23 13:35:56,429 [INFO] Run 1 PH Skip Pct: 0.078125 User: 6 Random num: 0.271986809393328
2023-05-23 13:35:56,430 [INFO] Run 1 PH Skip Pct: 0.078125 User: 7 Random num: 0.33390575556019775
2023-05-23 13:35:56,430 [INFO] Run 1 PH Skip Pct: 0.078125 User: 8 Random num: 0.3212016202161886
2023-05-23 13:35:56,430 [INFO] Run 1 PH Skip Pct: 0.078125 User: 10 Random num: 0.38372451150024267
2023-05-23 13:35:56,431 [INFO] Run 1 PH Skip Pct: 0.078125 User: 11 Random num: 0.1870859585361665
2023-05-23 13:35:56,431 [INFO] Run 1 PH Skip Pct: 0.078125 User: 12 Random num: 0.14834755134666888
2023-05-23 13:35:56,431 [INFO] Run 1 PH Skip Pct: 0.078125 User: 13 Random num: 0.7883774961936251
2023-05-23 13:35:56,432 [INFO] Run 1 PH Skip Pct: 0.078125 User: 14 Random num: 0.09609910906092445
2023-05-23 13:35:56,432 [INFO] Run 1 PH Skip Pct: 0.078125 User: 15 Random num: 0.12279390353065955
2023-05-23 13:35:56,432 [INFO] Run 1 PH Skip Pct: 0.078125 User: 16 Random num: 0.40421163116602066
2023-05-23 13:35:56,433 [INFO] Run 1 PH Skip Pct: 0.078125 User: 17 Random num: 0.7994083449662875
2023-05-23 13:35:56,433 [INFO] Run 1 PH Skip Pct: 0.078125 User: 19 Random num: 0.32994454543871066
2023-05-23 13:35:56,433 [INFO] Run 1 PH Skip Pct: 0.078125 User: 20 Random num: 0.530032648424027
2023-05-23 13:35:56,434 [INFO] Run 1 PH Skip Pct: 0.078125 User: 21 Random num: 0.781777731612822
2023-05-23 13:35:56,434 [INFO] Run 1 PH Skip Pct: 0.078125 User: 22 Random num: 0.5237048379028788
2023-05-23 13:35:56,434 [INFO] Run 1 PH Skip Pct: 0.078125 User: 23 Random num: 0.4752916925749021
2023-05-23 13:35:56,435 [INFO] Run 1 PH Skip Pct: 0.078125 User: 24 Random num: 0.053699511547590006
2023-05-23 13:35:56,435 [INFO] Run 1 PH Skip Pct: 0.078125 User: 25 Random num: 0.6956590825968484
2023-05-23 13:35:56,436 [INFO] Run 1 PH Skip Pct: 0.078125 User: 26 Random num: 0.9473272873043636
2023-05-23 13:35:56,436 [INFO] Run 1 PH Skip Pct: 0.078125 User: 27 Random num: 0.9590705978894961
2023-05-23 13:35:56,436 [INFO] Run 1 PH Skip Pct: 0.078125 User: 28 Random num: 0.19926256355404115
2023-05-23 13:35:56,437 [INFO] Run 1 PH Skip Pct: 0.078125 User: 29 Random num: 0.9310417640850934
2023-05-23 13:35:56,437 [INFO] Run 1 PH Skip Pct: 0.078125 User: 30 Random num: 0.5568171486707223
2023-05-23 13:35:56,437 [INFO] Run 1 PH Skip Pct: 0.078125 User: 31 Random num: 0.6688873967803396
2023-05-23 13:35:56,438 [INFO] Run 1 PH Skip Pct: 0.078125 User: 32 Random num: 0.8038986629418678
2023-05-23 13:35:56,438 [INFO] Run 1 PH Skip Pct: 0.078125 User: 33 Random num: 0.07629079921314941
2023-05-23 13:35:56,439 [INFO] Run 1 PH Skip Pct: 0.078125 User: 36 Random num: 0.2705231613460821
2023-05-23 13:35:56,439 [INFO] Run 1 PH Skip Pct: 0.078125 User: 37 Random num: 0.20626147539492634
2023-05-23 13:35:56,439 [INFO] Run 1 PH Skip Pct: 0.078125 User: 38 Random num: 0.004777394502772703
2023-05-23 13:35:56,439 [INFO] Run 1 PH Skip Pct: 0.078125 User: 39 Random num: 0.5508891306626846
2023-05-23 13:35:56,440 [INFO] Run 1 PH Skip Pct: 0.078125 User: 40 Random num: 0.15330612100081986
2023-05-23 13:35:56,440 [INFO] Run 1 PH Skip Pct: 0.078125 User: 41 Random num: 0.7810943455040472
2023-05-23 13:35:56,440 [INFO] Run 1 PH Skip Pct: 0.078125 User: 42 Random num: 0.0810392977311809
2023-05-23 13:35:56,441 [INFO] Run 1 PH Skip Pct: 0.078125 User: 43 Random num: 0.5621843574118321
2023-05-23 13:35:56,441 [INFO] Run 1 PH Skip Pct: 0.078125 User: 45 Random num: 0.6423119930016108
2023-05-23 13:35:56,442 [INFO] Run 1 PH Skip Pct: 0.078125 User: 47 Random num: 0.5264372536764912
2023-05-23 13:35:56,442 [INFO] Run 1 PH Skip Pct: 0.078125 User: 48 Random num: 0.9990299072476936
2023-05-23 13:35:56,442 [INFO] Run 1 PH Skip Pct: 0.078125 User: 49 Random num: 0.4992154799382449
2023-05-23 13:35:56,442 [INFO] Run 1 PH Skip Pct: 0.078125 User: 50 Random num: 0.8387038484536586
2023-05-23 13:35:56,443 [INFO] Run 1 PH Skip Pct: 0.078125 User: 51 Random num: 0.17608494178234113
2023-05-23 13:35:56,443 [INFO] Run 1 PH Skip Pct: 0.078125 User: 52 Random num: 0.3571114926554917
2023-05-23 13:35:56,444 [INFO] Run 1 PH Skip Pct: 0.078125 User: 53 Random num: 0.5979795611440323
2023-05-23 13:35:56,444 [INFO] Run 1 PH Skip Pct: 0.078125 User: 54 Random num: 0.010087939924964484
2023-05-23 13:35:56,445 [INFO] Run 1 PH Skip Pct: 0.078125 User: 55 Random num: 0.3798902449976139
2023-05-23 13:35:56,445 [INFO] Run 1 PH Skip Pct: 0.078125 User: 56 Random num: 0.928768321453032
2023-05-23 13:35:56,445 [INFO] Run 1 PH Skip Pct: 0.078125 User: 57 Random num: 0.9978818544474762
2023-05-23 13:35:56,446 [INFO] Run 1 PH Skip Pct: 0.078125 User: 58 Random num: 0.4417838426242785
2023-05-23 13:35:56,446 [INFO] Run 1 PH Skip Pct: 0.078125 User: 59 Random num: 0.5150445014108849
2023-05-23 13:35:56,448 [ERROR] >>> Invalid mon balance: 966.9259259259269, CR: 1000, _active: 47, missing: 1.6076531198528627
2023-05-23 13:40:28,196 [DEBUG] Total members in the group: 60
2023-05-23 13:40:28,197 [DEBUG] {'D': 8, 'A': 20, 'B': 18, 'C': 14}
2023-05-23 13:40:28,197 [DEBUG] Group4 members: 2, Group5 members: 4, Group6 members: 3, Group7 members: 2, Total group: 60
2023-05-23 13:40:28,200 [WARNING] >>> Claim occurred by user59 in period1
2023-05-23 13:40:28,202 [INFO] Slope:		0.25
2023-05-23 13:40:28,202 [INFO] Run 1 PH Skip Pct: 0.1875 User: 0 Random num: 0.5251201600327194
2023-05-23 13:40:28,203 [INFO] Run 1 PH Skip Pct: 0.1875 User: 1 Random num: 0.14854772595451649
2023-05-23 13:40:28,203 [INFO] Run 1 PH Skip Pct: 0.1875 User: 2 Random num: 0.08202927678301963
2023-05-23 13:40:28,203 [INFO] Run 1 PH Skip Pct: 0.1875 User: 3 Random num: 0.28191722844458456
2023-05-23 13:40:28,203 [INFO] Run 1 PH Skip Pct: 0.1875 User: 4 Random num: 0.3679750950092495
2023-05-23 13:40:28,204 [INFO] Run 1 PH Skip Pct: 0.1875 User: 5 Random num: 0.45169558406394605
2023-05-23 13:40:28,204 [INFO] Run 1 PH Skip Pct: 0.1875 User: 6 Random num: 0.5444737069728027
2023-05-23 13:40:28,205 [INFO] Run 1 PH Skip Pct: 0.1875 User: 7 Random num: 0.10531401507730909
2023-05-23 13:40:28,205 [INFO] Run 1 PH Skip Pct: 0.1875 User: 8 Random num: 0.6101948202252435
2023-05-23 13:40:28,205 [INFO] Run 1 PH Skip Pct: 0.1875 User: 9 Random num: 0.06638982991564135
2023-05-23 13:40:28,205 [INFO] Run 1 PH Skip Pct: 0.1875 User: 10 Random num: 0.0971121482077727
2023-05-23 13:40:28,206 [INFO] Run 1 PH Skip Pct: 0.1875 User: 11 Random num: 0.6355626886129646
2023-05-23 13:40:28,206 [INFO] Run 1 PH Skip Pct: 0.1875 User: 12 Random num: 0.43763190336479085
2023-05-23 13:40:28,207 [INFO] Run 1 PH Skip Pct: 0.1875 User: 18 Random num: 0.8863676878928777
2023-05-23 13:40:28,207 [INFO] Run 1 PH Skip Pct: 0.1875 User: 19 Random num: 0.5800545348817268
2023-05-23 13:40:28,207 [INFO] Run 1 PH Skip Pct: 0.1875 User: 20 Random num: 0.5528591808915969
2023-05-23 13:40:28,208 [INFO] Run 1 PH Skip Pct: 0.1875 User: 22 Random num: 0.4419468327563447
2023-05-23 13:40:28,208 [INFO] Run 1 PH Skip Pct: 0.1875 User: 28 Random num: 0.36085019105847704
2023-05-23 13:40:28,208 [INFO] Run 1 PH Skip Pct: 0.1875 User: 29 Random num: 0.907554927935229
2023-05-23 13:40:28,209 [INFO] Run 1 PH Skip Pct: 0.1875 User: 31 Random num: 0.7138553800101495
2023-05-23 13:40:28,209 [INFO] Run 1 PH Skip Pct: 0.1875 User: 32 Random num: 0.3990188164914167
2023-05-23 13:40:28,209 [INFO] Run 1 PH Skip Pct: 0.1875 User: 33 Random num: 0.8365190832654299
2023-05-23 13:40:28,210 [INFO] Run 1 PH Skip Pct: 0.1875 User: 34 Random num: 0.5824316894600561
2023-05-23 13:40:28,210 [INFO] Run 1 PH Skip Pct: 0.1875 User: 35 Random num: 0.9596486485005095
2023-05-23 13:40:28,210 [INFO] Run 1 PH Skip Pct: 0.1875 User: 36 Random num: 0.0841492697236289
2023-05-23 13:40:28,210 [INFO] Run 1 PH Skip Pct: 0.1875 User: 37 Random num: 0.41793894716963975
2023-05-23 13:40:28,211 [INFO] Run 1 PH Skip Pct: 0.1875 User: 38 Random num: 0.8345575407872837
2023-05-23 13:40:28,211 [INFO] Run 1 PH Skip Pct: 0.1875 User: 39 Random num: 0.42567444181149794
2023-05-23 13:40:28,211 [INFO] Run 1 PH Skip Pct: 0.1875 User: 40 Random num: 0.8744253056971635
2023-05-23 13:40:28,212 [INFO] Run 1 PH Skip Pct: 0.1875 User: 41 Random num: 0.6941155650676945
2023-05-23 13:40:28,212 [INFO] Run 1 PH Skip Pct: 0.1875 User: 42 Random num: 0.21451906874408921
2023-05-23 13:40:28,212 [INFO] Run 1 PH Skip Pct: 0.1875 User: 43 Random num: 0.012214431306776685
2023-05-23 13:40:28,212 [INFO] Run 1 PH Skip Pct: 0.1875 User: 45 Random num: 0.8645341949511481
2023-05-23 13:40:28,213 [INFO] Run 1 PH Skip Pct: 0.1875 User: 47 Random num: 0.6114676745201506
2023-05-23 13:40:28,213 [INFO] Run 1 PH Skip Pct: 0.1875 User: 48 Random num: 0.28494204790953526
2023-05-23 13:40:28,214 [INFO] Run 1 PH Skip Pct: 0.1875 User: 49 Random num: 0.12069865407206437
2023-05-23 13:40:28,215 [INFO] Run 1 PH Skip Pct: 0.1875 User: 50 Random num: 0.9351053107830853
2023-05-23 13:40:28,216 [INFO] Run 1 PH Skip Pct: 0.1875 User: 52 Random num: 0.3180477889088801
2023-05-23 13:40:28,216 [INFO] Run 1 PH Skip Pct: 0.1875 User: 53 Random num: 0.6878608792857028
2023-05-23 13:40:28,217 [INFO] Run 1 PH Skip Pct: 0.1875 User: 54 Random num: 0.5989059420296505
2023-05-23 13:40:28,217 [INFO] Run 1 PH Skip Pct: 0.1875 User: 55 Random num: 0.6220656126302141
2023-05-23 13:40:28,218 [INFO] Run 1 PH Skip Pct: 0.1875 User: 56 Random num: 0.8922008214158856
2023-05-23 13:40:28,218 [INFO] Run 1 PH Skip Pct: 0.1875 User: 57 Random num: 0.1656371267854353
2023-05-23 13:40:28,218 [INFO] Run 1 PH Skip Pct: 0.1875 User: 58 Random num: 0.7277006581390595
2023-05-23 13:40:28,218 [INFO] Run 1 PH Skip Pct: 0.1875 User: 59 Random num: 0.26526698868408116
2023-05-23 13:43:22,757 [DEBUG] Total members in the group: 60
2023-05-23 13:43:22,758 [DEBUG] {'D': 8, 'A': 20, 'B': 18, 'C': 14}
2023-05-23 13:43:22,759 [DEBUG] Group4 members: 2, Group5 members: 4, Group6 members: 3, Group7 members: 2, Total group: 60
2023-05-23 13:43:22,761 [WARNING] >>> Claim occurred by user16 in period1
2023-05-23 13:43:22,764 [INFO] Slope:		0.25
2023-05-23 13:43:22,765 [INFO] Run 1 PH Skip Pct: 0.1394018466479326 User: 0 Random num: 0.899559278490987
2023-05-23 13:43:22,765 [INFO] Run 1 PH Skip Pct: 0.1394018466479326 User: 1 Random num: 0.33576500971882794
2023-05-23 13:43:22,766 [INFO] Run 1 PH Skip Pct: 0.1394018466479326 User: 2 Random num: 0.09112589912500701
2023-05-23 13:43:22,766 [INFO] Run 1 PH Skip Pct: 0.1394018466479326 User: 3 Random num: 0.03861912161329317
2023-05-23 13:43:22,766 [INFO] Run 1 PH Skip Pct: 0.1394018466479326 User: 4 Random num: 0.2328557526388657
2023-05-23 13:43:22,767 [INFO] Run 1 PH Skip Pct: 0.1394018466479326 User: 5 Random num: 0.5006304644208212
2023-05-23 13:43:22,767 [INFO] Run 1 PH Skip Pct: 0.1394018466479326 User: 6 Random num: 0.4789657375692431
2023-05-23 13:43:22,767 [INFO] Run 1 PH Skip Pct: 0.1394018466479326 User: 7 Random num: 0.6116747067986767
2023-05-23 13:43:22,767 [INFO] Run 1 PH Skip Pct: 0.1394018466479326 User: 8 Random num: 0.13185585308947412
2023-05-23 13:43:22,768 [INFO] Run 1 PH Skip Pct: 0.1394018466479326 User: 10 Random num: 0.5482912223038483
2023-05-23 13:43:22,768 [INFO] Run 1 PH Skip Pct: 0.1394018466479326 User: 11 Random num: 0.405963172021525
2023-05-23 13:43:22,768 [INFO] Run 1 PH Skip Pct: 0.1394018466479326 User: 12 Random num: 0.12798877728660807
2023-05-23 13:43:22,769 [INFO] Run 1 PH Skip Pct: 0.1394018466479326 User: 13 Random num: 0.5066211762411441
2023-05-23 13:43:22,769 [INFO] Run 1 PH Skip Pct: 0.1394018466479326 User: 14 Random num: 0.19719840483488704
2023-05-23 13:43:22,770 [INFO] Run 1 PH Skip Pct: 0.1394018466479326 User: 15 Random num: 0.1919904630520397
2023-05-23 13:43:22,770 [INFO] Run 1 PH Skip Pct: 0.1394018466479326 User: 16 Random num: 0.9405243324007139
2023-05-23 13:43:22,770 [INFO] Run 1 PH Skip Pct: 0.1394018466479326 User: 17 Random num: 0.835757348122711
2023-05-23 13:43:22,771 [INFO] Run 1 PH Skip Pct: 0.1394018466479326 User: 23 Random num: 0.07116903128372265
2023-05-23 13:43:22,771 [INFO] Run 1 PH Skip Pct: 0.1394018466479326 User: 24 Random num: 0.6412500032502005
2023-05-23 13:43:22,771 [INFO] Run 1 PH Skip Pct: 0.1394018466479326 User: 25 Random num: 0.8809621717496198
2023-05-23 13:43:22,772 [INFO] Run 1 PH Skip Pct: 0.1394018466479326 User: 26 Random num: 0.9768994366403402
2023-05-23 13:43:22,772 [INFO] Run 1 PH Skip Pct: 0.1394018466479326 User: 27 Random num: 0.057483033501875336
2023-05-23 13:43:22,772 [INFO] Run 1 PH Skip Pct: 0.1394018466479326 User: 34 Random num: 0.13254382605083914
2023-05-23 13:43:22,773 [INFO] Run 1 PH Skip Pct: 0.1394018466479326 User: 35 Random num: 0.5862612641553695
2023-05-23 13:43:22,773 [INFO] Run 1 PH Skip Pct: 0.1394018466479326 User: 36 Random num: 0.6500199119174468
2023-05-23 13:43:22,773 [INFO] Run 1 PH Skip Pct: 0.1394018466479326 User: 37 Random num: 0.6386020300569917
2023-05-23 13:43:22,774 [INFO] Run 1 PH Skip Pct: 0.1394018466479326 User: 38 Random num: 0.5935426356402558
2023-05-23 13:43:22,774 [INFO] Run 1 PH Skip Pct: 0.1394018466479326 User: 39 Random num: 0.943476553053627
2023-05-23 13:43:22,774 [INFO] Run 1 PH Skip Pct: 0.1394018466479326 User: 40 Random num: 0.4141270558736977
2023-05-23 13:43:22,775 [INFO] Run 1 PH Skip Pct: 0.1394018466479326 User: 41 Random num: 0.04055078924379163
2023-05-23 13:43:22,775 [INFO] Run 1 PH Skip Pct: 0.1394018466479326 User: 42 Random num: 0.5813257165240597
2023-05-23 13:43:22,775 [INFO] Run 1 PH Skip Pct: 0.1394018466479326 User: 43 Random num: 0.7256320884141385
2023-05-23 13:43:22,776 [INFO] Run 1 PH Skip Pct: 0.1394018466479326 User: 44 Random num: 0.20161949015245817
2023-05-23 13:43:22,776 [INFO] Run 1 PH Skip Pct: 0.1394018466479326 User: 45 Random num: 0.4559553095381328
2023-05-23 13:43:22,776 [INFO] Run 1 PH Skip Pct: 0.1394018466479326 User: 47 Random num: 0.483302822437115
2023-05-23 13:43:22,777 [INFO] Run 1 PH Skip Pct: 0.1394018466479326 User: 48 Random num: 0.49950860467570424
2023-05-23 13:43:22,777 [INFO] Run 1 PH Skip Pct: 0.1394018466479326 User: 49 Random num: 0.36733791540464444
2023-05-23 13:43:22,777 [INFO] Run 1 PH Skip Pct: 0.1394018466479326 User: 50 Random num: 0.44113978191094283
2023-05-23 13:43:22,778 [INFO] Run 1 PH Skip Pct: 0.1394018466479326 User: 51 Random num: 0.10072862679736216
2023-05-23 13:43:22,778 [INFO] Run 1 PH Skip Pct: 0.1394018466479326 User: 52 Random num: 0.3709803938562297
2023-05-23 13:43:22,778 [INFO] Run 1 PH Skip Pct: 0.1394018466479326 User: 53 Random num: 0.24013979421537868
2023-05-23 13:43:22,778 [INFO] Run 1 PH Skip Pct: 0.1394018466479326 User: 54 Random num: 0.8514520802562573
2023-05-23 13:43:22,779 [INFO] Run 1 PH Skip Pct: 0.1394018466479326 User: 55 Random num: 0.23691344707594142
2023-05-23 13:43:22,779 [INFO] Run 1 PH Skip Pct: 0.1394018466479326 User: 56 Random num: 0.46691734184208833
2023-05-23 13:43:22,779 [INFO] Run 1 PH Skip Pct: 0.1394018466479326 User: 57 Random num: 0.45718079077423024
2023-05-23 13:43:22,780 [INFO] Run 1 PH Skip Pct: 0.1394018466479326 User: 58 Random num: 0.03130852003230922
2023-05-23 13:43:22,780 [INFO] Run 1 PH Skip Pct: 0.1394018466479326 User: 59 Random num: 0.1639560142817561
2023-05-23 13:43:22,781 [ERROR] >>> Invalid mon balance: 900.0000000000005, CR: 1000, _active: 36, missing: 3.9999999999999787
2023-05-23 13:46:25,282 [DEBUG] Total members in the group: 60
2023-05-23 13:46:25,283 [DEBUG] {'D': 8, 'A': 20, 'B': 18, 'C': 14}
2023-05-23 13:46:25,283 [DEBUG] Group4 members: 2, Group5 members: 4, Group6 members: 3, Group7 members: 2, Total group: 60
2023-05-23 13:46:25,286 [WARNING] >>> Claim occurred by user22 in period1
2023-05-23 13:46:25,288 [INFO] Slope:		0.25
2023-05-23 13:46:25,288 [INFO] Run 1 PH Skip Pct: 0.135 User: 0 Random num: 0.3934973930411848
2023-05-23 13:46:25,289 [INFO] Run 1 PH Skip Pct: 0.135 User: 1 Random num: 0.8539974417384445
2023-05-23 13:46:25,289 [INFO] Run 1 PH Skip Pct: 0.135 User: 2 Random num: 0.4646914867150421
2023-05-23 13:46:25,289 [INFO] Run 1 PH Skip Pct: 0.135 User: 3 Random num: 0.3018027129287001
2023-05-23 13:46:25,290 [INFO] Run 1 PH Skip Pct: 0.135 User: 4 Random num: 0.3912538657920239
2023-05-23 13:46:25,290 [INFO] Run 1 PH Skip Pct: 0.135 User: 5 Random num: 0.9746458538062986
2023-05-23 13:46:25,290 [INFO] Run 1 PH Skip Pct: 0.135 User: 6 Random num: 0.8435859918908246
2023-05-23 13:46:25,291 [INFO] Run 1 PH Skip Pct: 0.135 User: 7 Random num: 0.4590437593270762
2023-05-23 13:46:25,291 [INFO] Run 1 PH Skip Pct: 0.135 User: 13 Random num: 0.1733670108751918
2023-05-23 13:46:25,291 [INFO] Run 1 PH Skip Pct: 0.135 User: 14 Random num: 0.31354129731814195
2023-05-23 13:46:25,292 [INFO] Run 1 PH Skip Pct: 0.135 User: 15 Random num: 0.28002568166334985
2023-05-23 13:46:25,292 [INFO] Run 1 PH Skip Pct: 0.135 User: 17 Random num: 0.28234253514216745
2023-05-23 13:46:25,292 [INFO] Run 1 PH Skip Pct: 0.135 User: 18 Random num: 0.46432975048249536
2023-05-23 13:46:25,293 [INFO] Run 1 PH Skip Pct: 0.135 User: 19 Random num: 0.23175035935816946
2023-05-23 13:46:25,293 [INFO] Run 1 PH Skip Pct: 0.135 User: 20 Random num: 0.04677423275476278
2023-05-23 13:46:25,294 [INFO] Run 1 PH Skip Pct: 0.135 User: 21 Random num: 0.3423273299482704
2023-05-23 13:46:25,294 [INFO] Run 1 PH Skip Pct: 0.135 User: 22 Random num: 0.18081346301114398
2023-05-23 13:46:25,294 [INFO] Run 1 PH Skip Pct: 0.135 User: 23 Random num: 0.6651125167967691
2023-05-23 13:46:25,294 [INFO] Run 1 PH Skip Pct: 0.135 User: 24 Random num: 0.33462397276660005
2023-05-23 13:46:25,295 [INFO] Run 1 PH Skip Pct: 0.135 User: 25 Random num: 0.47169990004233564
2023-05-23 13:46:25,295 [INFO] Run 1 PH Skip Pct: 0.135 User: 26 Random num: 0.6935339229503245
2023-05-23 13:46:25,295 [INFO] Run 1 PH Skip Pct: 0.135 User: 27 Random num: 0.9204922255993908
2023-05-23 13:46:25,296 [INFO] Run 1 PH Skip Pct: 0.135 User: 28 Random num: 0.8656692829835573
2023-05-23 13:46:25,296 [INFO] Run 1 PH Skip Pct: 0.135 User: 30 Random num: 0.7368248756350274
2023-05-23 13:46:25,296 [INFO] Run 1 PH Skip Pct: 0.135 User: 31 Random num: 0.4020220207395805
2023-05-23 13:46:25,297 [INFO] Run 1 PH Skip Pct: 0.135 User: 32 Random num: 0.4866507812515122
2023-05-23 13:46:25,297 [INFO] Run 1 PH Skip Pct: 0.135 User: 33 Random num: 0.7430163423287782
2023-05-23 13:46:25,297 [INFO] Run 1 PH Skip Pct: 0.135 User: 34 Random num: 0.8109151866901493
2023-05-23 13:46:25,298 [INFO] Run 1 PH Skip Pct: 0.135 User: 35 Random num: 0.1710518228597221
2023-05-23 13:46:25,298 [INFO] Run 1 PH Skip Pct: 0.135 User: 36 Random num: 0.539786662608297
2023-05-23 13:46:25,298 [INFO] Run 1 PH Skip Pct: 0.135 User: 37 Random num: 0.9481032020047165
2023-05-23 13:46:25,299 [INFO] Run 1 PH Skip Pct: 0.135 User: 38 Random num: 0.1415649298429501
2023-05-23 13:46:25,299 [INFO] Run 1 PH Skip Pct: 0.135 User: 39 Random num: 0.8358968243209787
2023-05-23 13:46:25,299 [INFO] Run 1 PH Skip Pct: 0.135 User: 41 Random num: 0.9497687564179889
2023-05-23 13:46:25,300 [INFO] Run 1 PH Skip Pct: 0.135 User: 42 Random num: 0.5886526612984802
2023-05-23 13:46:25,300 [INFO] Run 1 PH Skip Pct: 0.135 User: 43 Random num: 0.46452224052613666
2023-05-23 13:46:25,300 [INFO] Run 1 PH Skip Pct: 0.135 User: 44 Random num: 0.3809829091605894
2023-05-23 13:46:25,301 [INFO] Run 1 PH Skip Pct: 0.135 User: 45 Random num: 0.7596137138398116
2023-05-23 13:46:25,301 [INFO] Run 1 PH Skip Pct: 0.135 User: 46 Random num: 0.3637912102278903
2023-05-23 13:46:25,301 [INFO] Run 1 PH Skip Pct: 0.135 User: 49 Random num: 0.12196116540946478
2023-05-23 13:46:25,302 [INFO] Run 1 PH Skip Pct: 0.135 User: 50 Random num: 0.07449739027638624
2023-05-23 13:46:25,302 [INFO] Run 1 PH Skip Pct: 0.135 User: 51 Random num: 0.2796369066839839
2023-05-23 13:46:25,302 [INFO] Run 1 PH Skip Pct: 0.135 User: 52 Random num: 0.8605635648223282
2023-05-23 13:46:25,303 [INFO] Run 1 PH Skip Pct: 0.135 User: 53 Random num: 0.6365068809073826
2023-05-23 13:46:25,303 [INFO] Run 1 PH Skip Pct: 0.135 User: 54 Random num: 0.13754097982279856
2023-05-23 13:46:25,303 [INFO] Run 1 PH Skip Pct: 0.135 User: 55 Random num: 0.9848155360469872
2023-05-23 13:46:25,304 [INFO] Run 1 PH Skip Pct: 0.135 User: 56 Random num: 0.8856979965784287
2023-05-23 13:46:25,304 [INFO] Run 1 PH Skip Pct: 0.135 User: 57 Random num: 0.06574459168894065
2023-05-23 13:46:25,304 [INFO] Run 1 PH Skip Pct: 0.135 User: 58 Random num: 0.7021766569039382
2023-05-23 13:46:25,305 [INFO] Run 1 PH Skip Pct: 0.135 User: 59 Random num: 0.46815671327668784
2023-05-23 13:46:25,306 [WARNING] >>> Claim occurred by user45 in period2
2023-05-23 13:46:25,308 [INFO] Slope:		0.25
2023-05-23 13:46:25,308 [INFO] Run 2 PH Skip Pct: 0.10495965828191739 User: 0 Random num: 0.29704807904057395
2023-05-23 13:46:25,308 [INFO] Run 2 PH Skip Pct: 0.10495965828191739 User: 1 Random num: 0.5994740410781552
2023-05-23 13:46:25,309 [INFO] Run 2 PH Skip Pct: 0.10495965828191739 User: 2 Random num: 0.28007520855809853
2023-05-23 13:46:25,309 [INFO] Run 2 PH Skip Pct: 0.10495965828191739 User: 3 Random num: 0.21419318267679222
2023-05-23 13:46:25,310 [INFO] Run 2 PH Skip Pct: 0.10495965828191739 User: 4 Random num: 0.9498480117834792
2023-05-23 13:46:25,310 [INFO] Run 2 PH Skip Pct: 0.10495965828191739 User: 5 Random num: 0.3503979836607811
2023-05-23 13:46:25,310 [INFO] Run 2 PH Skip Pct: 0.10495965828191739 User: 6 Random num: 0.7571994482497476
2023-05-23 13:46:25,311 [INFO] Run 2 PH Skip Pct: 0.10495965828191739 User: 7 Random num: 0.7055970653965328
2023-05-23 13:46:25,311 [INFO] Run 2 PH Skip Pct: 0.10495965828191739 User: 13 Random num: 0.30269602398518736
2023-05-23 13:46:25,311 [INFO] Run 2 PH Skip Pct: 0.10495965828191739 User: 14 Random num: 0.9106118055253329
2023-05-23 13:46:25,312 [INFO] Run 2 PH Skip Pct: 0.10495965828191739 User: 15 Random num: 0.6915662067525694
2023-05-23 13:46:25,312 [INFO] Run 2 PH Skip Pct: 0.10495965828191739 User: 17 Random num: 0.8610189364397967
2023-05-23 13:46:25,312 [INFO] Run 2 PH Skip Pct: 0.10495965828191739 User: 18 Random num: 0.18348232629905126
2023-05-23 13:46:25,312 [INFO] Run 2 PH Skip Pct: 0.10495965828191739 User: 19 Random num: 0.07536527055615916
2023-05-23 13:46:25,313 [INFO] Run 2 PH Skip Pct: 0.10495965828191739 User: 21 Random num: 0.3706299493746441
2023-05-23 13:46:25,313 [INFO] Run 2 PH Skip Pct: 0.10495965828191739 User: 23 Random num: 0.13278481059078429
2023-05-23 13:46:25,314 [INFO] Run 2 PH Skip Pct: 0.10495965828191739 User: 24 Random num: 0.5379163287518307
2023-05-23 13:46:25,314 [INFO] Run 2 PH Skip Pct: 0.10495965828191739 User: 25 Random num: 0.818378199386944
2023-05-23 13:46:25,314 [INFO] Run 2 PH Skip Pct: 0.10495965828191739 User: 26 Random num: 0.17911564438524408
2023-05-23 13:46:25,314 [INFO] Run 2 PH Skip Pct: 0.10495965828191739 User: 27 Random num: 0.9729084576766307
2023-05-23 13:46:25,315 [INFO] Run 2 PH Skip Pct: 0.10495965828191739 User: 28 Random num: 0.8005361000127924
2023-05-23 13:46:25,315 [INFO] Run 2 PH Skip Pct: 0.10495965828191739 User: 30 Random num: 0.5054374401266646
2023-05-23 13:46:25,315 [INFO] Run 2 PH Skip Pct: 0.10495965828191739 User: 31 Random num: 0.34648865447691024
2023-05-23 13:46:25,316 [INFO] Run 2 PH Skip Pct: 0.10495965828191739 User: 32 Random num: 0.43648792104455836
2023-05-23 13:46:25,316 [INFO] Run 2 PH Skip Pct: 0.10495965828191739 User: 33 Random num: 0.26408548758438377
2023-05-23 13:46:25,316 [INFO] Run 2 PH Skip Pct: 0.10495965828191739 User: 34 Random num: 0.3904724206651208
2023-05-23 13:46:25,317 [INFO] Run 2 PH Skip Pct: 0.10495965828191739 User: 35 Random num: 0.1374494089807905
2023-05-23 13:46:25,317 [INFO] Run 2 PH Skip Pct: 0.10495965828191739 User: 36 Random num: 0.7871570426680802
2023-05-23 13:46:25,317 [INFO] Run 2 PH Skip Pct: 0.10495965828191739 User: 37 Random num: 0.8256932925480911
2023-05-23 13:46:25,318 [INFO] Run 2 PH Skip Pct: 0.10495965828191739 User: 38 Random num: 0.2484195062292619
2023-05-23 13:46:25,318 [INFO] Run 2 PH Skip Pct: 0.10495965828191739 User: 39 Random num: 0.23397779582268796
2023-05-23 13:46:25,318 [INFO] Run 2 PH Skip Pct: 0.10495965828191739 User: 41 Random num: 0.8405422533665249
2023-05-23 13:46:25,319 [INFO] Run 2 PH Skip Pct: 0.10495965828191739 User: 42 Random num: 0.02633655914723443
2023-05-23 13:46:25,319 [INFO] Run 2 PH Skip Pct: 0.10495965828191739 User: 43 Random num: 0.9404136590871642
2023-05-23 13:46:25,319 [INFO] Run 2 PH Skip Pct: 0.10495965828191739 User: 44 Random num: 0.30935589596688384
2023-05-23 13:46:25,320 [INFO] Run 2 PH Skip Pct: 0.10495965828191739 User: 45 Random num: 0.3757757581744773
2023-05-23 13:46:25,320 [INFO] Run 2 PH Skip Pct: 0.10495965828191739 User: 53 Random num: 0.8815936106492881
2023-05-23 13:46:25,320 [INFO] Run 2 PH Skip Pct: 0.10495965828191739 User: 54 Random num: 0.0640251622857293
2023-05-23 13:46:25,321 [INFO] Run 2 PH Skip Pct: 0.10495965828191739 User: 55 Random num: 0.19711771442209702
2023-05-23 13:46:25,321 [INFO] Run 2 PH Skip Pct: 0.10495965828191739 User: 56 Random num: 0.6309506365945393
2023-05-23 13:46:25,321 [INFO] Run 2 PH Skip Pct: 0.10495965828191739 User: 58 Random num: 0.04119914752056453
2023-05-23 13:46:25,322 [INFO] Run 2 PH Skip Pct: 0.10495965828191739 User: 59 Random num: 0.890553734607515
2023-05-23 13:46:25,323 [ERROR] >>> Invalid mon balance: 890.0000000000007, CR: 1000, _active: 42, missing: 5.191011235955024
2023-05-23 13:53:26,549 [DEBUG] Total members in the group: 60
2023-05-23 13:53:26,550 [DEBUG] {'D': 8, 'A': 20, 'B': 18, 'C': 14}
2023-05-23 13:53:26,550 [DEBUG] Group4 members: 2, Group5 members: 4, Group6 members: 3, Group7 members: 2, Total group: 60
2023-05-23 13:53:26,554 [WARNING] >>> Claim occurred by user41 in period1
2023-05-23 13:53:26,557 [INFO] Slope:		0.25
2023-05-23 13:53:26,557 [INFO] Run 1 PH Skip Pct: 0.135 User: 0 Random num: 0.6972490372828066
2023-05-23 13:53:26,557 [INFO] Run 1 PH Skip Pct: 0.135 User: 1 Random num: 0.5629143516981403
2023-05-23 13:53:26,558 [INFO] Run 1 PH Skip Pct: 0.135 User: 2 Random num: 0.7234231406034276
2023-05-23 13:53:26,558 [INFO] Run 1 PH Skip Pct: 0.135 User: 3 Random num: 0.5650293117204719
2023-05-23 13:53:26,558 [INFO] Run 1 PH Skip Pct: 0.135 User: 4 Random num: 0.4839109671402283
2023-05-23 13:53:26,559 [INFO] Run 1 PH Skip Pct: 0.135 User: 5 Random num: 0.6714842455523262
2023-05-23 13:53:26,559 [INFO] Run 1 PH Skip Pct: 0.135 User: 6 Random num: 0.5005811225123682
2023-05-23 13:53:26,559 [INFO] Run 1 PH Skip Pct: 0.135 User: 7 Random num: 0.8154100114491588
2023-05-23 13:53:26,560 [INFO] Run 1 PH Skip Pct: 0.135 User: 13 Random num: 0.6108905100628886
2023-05-23 13:53:26,560 [INFO] Run 1 PH Skip Pct: 0.135 User: 14 Random num: 0.20156597195272496
2023-05-23 13:53:26,560 [INFO] Run 1 PH Skip Pct: 0.135 User: 15 Random num: 0.05664235942705642
2023-05-23 13:53:26,561 [INFO] Run 1 PH Skip Pct: 0.135 User: 16 Random num: 0.31935240755313277
2023-05-23 13:53:26,561 [INFO] Run 1 PH Skip Pct: 0.135 User: 17 Random num: 0.9022118897376794
2023-05-23 13:53:26,561 [INFO] Run 1 PH Skip Pct: 0.135 User: 19 Random num: 0.47203124056817325
2023-05-23 13:53:26,562 [INFO] Run 1 PH Skip Pct: 0.135 User: 20 Random num: 0.889047567127309
2023-05-23 13:53:26,562 [INFO] Run 1 PH Skip Pct: 0.135 User: 21 Random num: 0.40479004872599966
2023-05-23 13:53:26,562 [INFO] Run 1 PH Skip Pct: 0.135 User: 22 Random num: 0.8946036034904011
2023-05-23 13:53:26,563 [INFO] Run 1 PH Skip Pct: 0.135 User: 23 Random num: 0.32348863909588543
2023-05-23 13:53:26,563 [INFO] Run 1 PH Skip Pct: 0.135 User: 24 Random num: 0.10751253356550872
2023-05-23 13:53:26,563 [INFO] Run 1 PH Skip Pct: 0.135 User: 25 Random num: 0.11009276309779714
2023-05-23 13:53:26,564 [INFO] Run 1 PH Skip Pct: 0.135 User: 26 Random num: 0.6471938281224662
2023-05-23 13:53:26,564 [INFO] Run 1 PH Skip Pct: 0.135 User: 27 Random num: 0.9868013138929049
2023-05-23 13:53:26,564 [INFO] Run 1 PH Skip Pct: 0.135 User: 28 Random num: 0.9787577432842256
2023-05-23 13:53:26,565 [INFO] Run 1 PH Skip Pct: 0.135 User: 30 Random num: 0.582123920175307
2023-05-23 13:53:26,565 [INFO] Run 1 PH Skip Pct: 0.135 User: 31 Random num: 0.03458484676122875
2023-05-23 13:53:26,565 [INFO] Run 1 PH Skip Pct: 0.135 User: 32 Random num: 0.3925752161469137
2023-05-23 13:53:26,565 [INFO] Run 1 PH Skip Pct: 0.135 User: 33 Random num: 0.15653005744999027
2023-05-23 13:53:26,566 [INFO] Run 1 PH Skip Pct: 0.135 User: 34 Random num: 0.6085195760770833
2023-05-23 13:53:26,566 [INFO] Run 1 PH Skip Pct: 0.135 User: 35 Random num: 0.5271246384275484
2023-05-23 13:53:26,566 [INFO] Run 1 PH Skip Pct: 0.135 User: 36 Random num: 0.8317448604088687
2023-05-23 13:53:26,567 [INFO] Run 1 PH Skip Pct: 0.135 User: 37 Random num: 0.13601007143607002
2023-05-23 13:53:26,567 [INFO] Run 1 PH Skip Pct: 0.135 User: 38 Random num: 0.6953478706623086
2023-05-23 13:53:26,567 [INFO] Run 1 PH Skip Pct: 0.135 User: 39 Random num: 0.2609608209013118
2023-05-23 13:53:26,568 [INFO] Run 1 PH Skip Pct: 0.135 User: 40 Random num: 0.19906373472114358
2023-05-23 13:53:26,568 [INFO] Run 1 PH Skip Pct: 0.135 User: 41 Random num: 0.2115929418901955
2023-05-23 13:53:26,568 [INFO] Run 1 PH Skip Pct: 0.135 User: 43 Random num: 0.15176025753489453
2023-05-23 13:53:26,569 [INFO] Run 1 PH Skip Pct: 0.135 User: 44 Random num: 0.22179377350627938
2023-05-23 13:53:26,569 [INFO] Run 1 PH Skip Pct: 0.135 User: 45 Random num: 0.6287464591831166
2023-05-23 13:53:26,569 [INFO] Run 1 PH Skip Pct: 0.135 User: 46 Random num: 0.3105697245424549
2023-05-23 13:53:26,570 [INFO] Run 1 PH Skip Pct: 0.135 User: 47 Random num: 0.022303152359829936
2023-05-23 13:53:26,570 [INFO] Run 1 PH Skip Pct: 0.135 User: 48 Random num: 0.5470122171979418
2023-05-23 13:53:26,570 [INFO] Run 1 PH Skip Pct: 0.135 User: 49 Random num: 0.13246534571911328
2023-05-23 13:53:26,571 [INFO] Run 1 PH Skip Pct: 0.135 User: 50 Random num: 0.5420442827447286
2023-05-23 13:53:26,571 [INFO] Run 1 PH Skip Pct: 0.135 User: 51 Random num: 0.677899874169578
2023-05-23 13:53:26,572 [INFO] Run 1 PH Skip Pct: 0.135 User: 52 Random num: 0.28142580988275046
2023-05-23 13:53:26,572 [INFO] Run 1 PH Skip Pct: 0.135 User: 53 Random num: 0.6452283763943553
2023-05-23 13:53:26,572 [INFO] Run 1 PH Skip Pct: 0.135 User: 55 Random num: 0.12672736125892814
2023-05-23 13:53:26,573 [INFO] Run 1 PH Skip Pct: 0.135 User: 56 Random num: 0.07552737317659719
2023-05-23 13:53:26,573 [INFO] Run 1 PH Skip Pct: 0.135 User: 58 Random num: 0.7416610201946704
2023-05-23 13:53:26,574 [INFO] Run 1 PH Skip Pct: 0.135 User: 59 Random num: 0.9604276430714204
2023-05-23 13:53:26,575 [WARNING] >>> Claim occurred by user38 in period2
2023-05-23 13:53:26,577 [INFO] Slope:		0.25
2023-05-23 13:53:26,577 [INFO] Run 2 PH Skip Pct: 0.232520325203252 User: 0 Random num: 0.3244130091995584
2023-05-23 13:53:26,577 [INFO] Run 2 PH Skip Pct: 0.232520325203252 User: 1 Random num: 0.1554854803087934
2023-05-23 13:53:26,578 [INFO] Run 2 PH Skip Pct: 0.232520325203252 User: 2 Random num: 0.10966395339865598
2023-05-23 13:53:26,578 [INFO] Run 2 PH Skip Pct: 0.232520325203252 User: 3 Random num: 0.05491822701004412
2023-05-23 13:53:26,578 [INFO] Run 2 PH Skip Pct: 0.232520325203252 User: 4 Random num: 0.7252932245041755
2023-05-23 13:53:26,579 [INFO] Run 2 PH Skip Pct: 0.232520325203252 User: 5 Random num: 0.9746372273583012
2023-05-23 13:53:26,579 [INFO] Run 2 PH Skip Pct: 0.232520325203252 User: 6 Random num: 0.07859674085333479
2023-05-23 13:53:26,579 [INFO] Run 2 PH Skip Pct: 0.232520325203252 User: 7 Random num: 0.25700951493165136
2023-05-23 13:53:26,580 [INFO] Run 2 PH Skip Pct: 0.232520325203252 User: 13 Random num: 0.6666062533121635
2023-05-23 13:53:26,580 [INFO] Run 2 PH Skip Pct: 0.232520325203252 User: 14 Random num: 0.21292898334612897
2023-05-23 13:53:26,581 [INFO] Run 2 PH Skip Pct: 0.232520325203252 User: 16 Random num: 0.5935666984371576
2023-05-23 13:53:26,581 [INFO] Run 2 PH Skip Pct: 0.232520325203252 User: 17 Random num: 0.7779787695222325
2023-05-23 13:53:26,581 [INFO] Run 2 PH Skip Pct: 0.232520325203252 User: 19 Random num: 0.40333076566031867
2023-05-23 13:53:26,582 [INFO] Run 2 PH Skip Pct: 0.232520325203252 User: 20 Random num: 0.7772567110843195
2023-05-23 13:53:26,582 [INFO] Run 2 PH Skip Pct: 0.232520325203252 User: 21 Random num: 0.028124175578162824
2023-05-23 13:53:26,582 [INFO] Run 2 PH Skip Pct: 0.232520325203252 User: 22 Random num: 0.0031170182074490294
2023-05-23 13:53:26,582 [INFO] Run 2 PH Skip Pct: 0.232520325203252 User: 28 Random num: 0.12989874054660233
2023-05-23 13:53:26,583 [INFO] Run 2 PH Skip Pct: 0.232520325203252 User: 30 Random num: 0.8316607989865703
2023-05-23 13:53:26,583 [INFO] Run 2 PH Skip Pct: 0.232520325203252 User: 32 Random num: 0.835738881429338
2023-05-23 13:53:26,583 [INFO] Run 2 PH Skip Pct: 0.232520325203252 User: 33 Random num: 0.7446702393108117
2023-05-23 13:53:26,584 [INFO] Run 2 PH Skip Pct: 0.232520325203252 User: 34 Random num: 0.6334218482943151
2023-05-23 13:53:26,584 [INFO] Run 2 PH Skip Pct: 0.232520325203252 User: 35 Random num: 0.5741810099280379
2023-05-23 13:53:26,584 [INFO] Run 2 PH Skip Pct: 0.232520325203252 User: 36 Random num: 0.433349466491053
2023-05-23 13:53:26,584 [INFO] Run 2 PH Skip Pct: 0.232520325203252 User: 37 Random num: 0.5471595550596177
2023-05-23 13:53:26,585 [INFO] Run 2 PH Skip Pct: 0.232520325203252 User: 38 Random num: 0.376030241039671
2023-05-23 13:53:26,585 [INFO] Run 2 PH Skip Pct: 0.232520325203252 User: 39 Random num: 0.9368428138232455
2023-05-23 13:53:26,585 [INFO] Run 2 PH Skip Pct: 0.232520325203252 User: 40 Random num: 0.9924350032553229
2023-05-23 13:53:26,586 [INFO] Run 2 PH Skip Pct: 0.06332488649561818 User: 41 Random num: 0.12892388344223638
2023-05-23 13:53:26,586 [INFO] Run 2 PH Skip Pct: 0.232520325203252 User: 43 Random num: 0.06496975656712656
2023-05-23 13:53:26,587 [INFO] Run 2 PH Skip Pct: 0.232520325203252 User: 44 Random num: 0.9699864986710155
2023-05-23 13:53:26,587 [INFO] Run 2 PH Skip Pct: 0.232520325203252 User: 45 Random num: 0.29034890832882443
2023-05-23 13:53:26,588 [INFO] Run 2 PH Skip Pct: 0.232520325203252 User: 46 Random num: 0.8275357067142582
2023-05-23 13:53:26,588 [INFO] Run 2 PH Skip Pct: 0.232520325203252 User: 48 Random num: 0.12507184464824828
2023-05-23 13:53:26,588 [INFO] Run 2 PH Skip Pct: 0.232520325203252 User: 50 Random num: 0.556218868004403
2023-05-23 13:53:26,589 [INFO] Run 2 PH Skip Pct: 0.232520325203252 User: 51 Random num: 0.8143236436155377
2023-05-23 13:53:26,589 [INFO] Run 2 PH Skip Pct: 0.232520325203252 User: 52 Random num: 0.6205237802046648
2023-05-23 14:02:12,914 [DEBUG] Total members in the group: 60
2023-05-23 14:02:12,914 [DEBUG] {'D': 8, 'A': 20, 'B': 18, 'C': 14}
2023-05-23 14:02:12,915 [DEBUG] Group4 members: 2, Group5 members: 4, Group6 members: 3, Group7 members: 2, Total group: 60
2023-05-23 14:02:12,919 [INFO] Slope:		0.25
2023-05-23 14:02:12,919 [INFO] Run 1 PH Skip Pct: 0.11764705882352944 User: 0, one_mon_inc_perc=0.47058823529411775, Random num: 0.05693424232632016
2023-05-23 14:02:12,920 [INFO] Run 1 PH Skip Pct: 0.11764705882352944 User: 1, one_mon_inc_perc=0.47058823529411775, Random num: 0.7928639675187648
2023-05-23 14:02:12,920 [INFO] Run 1 PH Skip Pct: 0.11764705882352944 User: 2, one_mon_inc_perc=0.47058823529411775, Random num: 0.121528099303567
2023-05-23 14:02:12,920 [INFO] Run 1 PH Skip Pct: 0.11764705882352944 User: 3, one_mon_inc_perc=0.47058823529411775, Random num: 0.21864563788275504
2023-05-23 14:02:12,921 [INFO] Run 1 PH Skip Pct: 0.11764705882352944 User: 4, one_mon_inc_perc=0.47058823529411775, Random num: 0.4672565871445984
2023-05-23 14:02:12,921 [INFO] Run 1 PH Skip Pct: 0.11764705882352944 User: 5, one_mon_inc_perc=0.47058823529411775, Random num: 0.4324893012055562
2023-05-23 14:02:12,921 [INFO] Run 1 PH Skip Pct: 0.11764705882352944 User: 6, one_mon_inc_perc=0.47058823529411775, Random num: 0.15535972153488942
2023-05-23 14:02:12,922 [INFO] Run 1 PH Skip Pct: 0.11764705882352944 User: 7, one_mon_inc_perc=0.47058823529411775, Random num: 0.246334231441525
2023-05-23 14:02:12,922 [INFO] Run 1 PH Skip Pct: 0.11764705882352944 User: 8, one_mon_inc_perc=0.47058823529411775, Random num: 0.9438810080849953
2023-05-23 14:02:12,922 [INFO] Run 1 PH Skip Pct: 0.11764705882352944 User: 9, one_mon_inc_perc=0.47058823529411775, Random num: 0.8304108260994536
2023-05-23 14:02:12,923 [INFO] Run 1 PH Skip Pct: 0.11764705882352944 User: 10, one_mon_inc_perc=0.47058823529411775, Random num: 0.4052400712575883
2023-05-23 14:02:12,923 [INFO] Run 1 PH Skip Pct: 0.11764705882352944 User: 11, one_mon_inc_perc=0.47058823529411775, Random num: 0.2644590732409783
2023-05-23 14:02:12,924 [INFO] Run 1 PH Skip Pct: 0.11764705882352944 User: 12, one_mon_inc_perc=0.47058823529411775, Random num: 0.8064383537819637
2023-05-23 14:02:12,924 [INFO] Run 1 PH Skip Pct: 0.11764705882352944 User: 13, one_mon_inc_perc=0.47058823529411775, Random num: 0.36518313576656714
2023-05-23 14:02:12,924 [INFO] Run 1 PH Skip Pct: 0.11764705882352944 User: 14, one_mon_inc_perc=0.47058823529411775, Random num: 0.8538137902303038
2023-05-23 14:02:12,925 [INFO] Run 1 PH Skip Pct: 0.11764705882352944 User: 15, one_mon_inc_perc=0.47058823529411775, Random num: 0.7352194857918581
2023-05-23 14:02:12,925 [INFO] Run 1 PH Skip Pct: 0.11764705882352944 User: 16, one_mon_inc_perc=0.47058823529411775, Random num: 0.39886328784963265
2023-05-23 14:02:12,925 [INFO] Run 1 PH Skip Pct: 0.11764705882352944 User: 17, one_mon_inc_perc=0.47058823529411775, Random num: 0.23424698097891894
2023-05-23 14:02:12,926 [INFO] Run 1 PH Skip Pct: 0.11764705882352944 User: 18, one_mon_inc_perc=0.47058823529411775, Random num: 0.6995785801100253
2023-05-23 14:02:12,926 [INFO] Run 1 PH Skip Pct: 0.11764705882352944 User: 19, one_mon_inc_perc=0.47058823529411775, Random num: 0.46124286916053403
2023-05-23 14:02:12,926 [INFO] Run 1 PH Skip Pct: 0.11764705882352944 User: 20, one_mon_inc_perc=0.47058823529411775, Random num: 0.870723810838642
2023-05-23 14:02:12,927 [INFO] Run 1 PH Skip Pct: 0.11764705882352944 User: 21, one_mon_inc_perc=0.47058823529411775, Random num: 0.010956622983818831
2023-05-23 14:02:12,927 [INFO] Run 1 PH Skip Pct: 0.11764705882352944 User: 22, one_mon_inc_perc=0.47058823529411775, Random num: 0.9030170017521373
2023-05-23 14:02:12,927 [INFO] Run 1 PH Skip Pct: 0.11764705882352944 User: 28, one_mon_inc_perc=0.47058823529411775, Random num: 0.36735141685609696
2023-05-23 14:02:12,928 [INFO] Run 1 PH Skip Pct: 0.11764705882352944 User: 29, one_mon_inc_perc=0.47058823529411775, Random num: 0.8356668128499516
2023-05-23 14:02:12,928 [INFO] Run 1 PH Skip Pct: 0.11764705882352944 User: 30, one_mon_inc_perc=0.47058823529411775, Random num: 0.6330399253665668
2023-05-23 14:02:12,929 [INFO] Run 1 PH Skip Pct: 0.11764705882352944 User: 31, one_mon_inc_perc=0.47058823529411775, Random num: 0.8203376488954773
2023-05-23 14:02:12,929 [INFO] Run 1 PH Skip Pct: 0.11764705882352944 User: 32, one_mon_inc_perc=0.47058823529411775, Random num: 0.49243317474228476
2023-05-23 14:02:12,930 [INFO] Run 1 PH Skip Pct: 0.11764705882352944 User: 33, one_mon_inc_perc=0.47058823529411775, Random num: 0.895609593848259
2023-05-23 14:02:12,930 [INFO] Run 1 PH Skip Pct: 0.11764705882352944 User: 34, one_mon_inc_perc=0.47058823529411775, Random num: 0.6391626338527266
2023-05-23 14:02:12,930 [INFO] Run 1 PH Skip Pct: 0.11764705882352944 User: 35, one_mon_inc_perc=0.47058823529411775, Random num: 0.6365390146266106
2023-05-23 14:02:12,931 [INFO] Run 1 PH Skip Pct: 0.11764705882352944 User: 38, one_mon_inc_perc=0.47058823529411775, Random num: 0.9083297869508706
2023-05-23 14:02:12,931 [INFO] Run 1 PH Skip Pct: 0.11764705882352944 User: 39, one_mon_inc_perc=0.47058823529411775, Random num: 0.6698919526889897
2023-05-23 14:02:12,931 [INFO] Run 1 PH Skip Pct: 0.11764705882352944 User: 41, one_mon_inc_perc=0.47058823529411775, Random num: 0.7487942411542982
2023-05-23 14:02:12,932 [INFO] Run 1 PH Skip Pct: 0.11764705882352944 User: 42, one_mon_inc_perc=0.47058823529411775, Random num: 0.018947569893742133
2023-05-23 14:02:12,932 [INFO] Run 1 PH Skip Pct: 0.11764705882352944 User: 43, one_mon_inc_perc=0.47058823529411775, Random num: 0.3362882778542533
2023-05-23 14:02:12,932 [INFO] Run 1 PH Skip Pct: 0.11764705882352944 User: 44, one_mon_inc_perc=0.47058823529411775, Random num: 0.8162315449664121
2023-05-23 14:02:12,933 [INFO] Run 1 PH Skip Pct: 0.11764705882352944 User: 45, one_mon_inc_perc=0.47058823529411775, Random num: 0.7735622146570651
2023-05-23 14:02:12,933 [INFO] Run 1 PH Skip Pct: 0.11764705882352944 User: 46, one_mon_inc_perc=0.47058823529411775, Random num: 0.20242491768935778
2023-05-23 14:02:12,933 [INFO] Run 1 PH Skip Pct: 0.11764705882352944 User: 47, one_mon_inc_perc=0.47058823529411775, Random num: 0.9926151405732795
2023-05-23 14:02:12,934 [INFO] Run 1 PH Skip Pct: 0.11764705882352944 User: 48, one_mon_inc_perc=0.47058823529411775, Random num: 0.39054614639298935
2023-05-23 14:02:12,934 [INFO] Run 1 PH Skip Pct: 0.11764705882352944 User: 49, one_mon_inc_perc=0.47058823529411775, Random num: 0.33520863012533364
2023-05-23 14:02:12,934 [INFO] Run 1 PH Skip Pct: 0.11764705882352944 User: 50, one_mon_inc_perc=0.47058823529411775, Random num: 0.3832828924071786
2023-05-23 14:02:12,935 [INFO] Run 1 PH Skip Pct: 0.11764705882352944 User: 51, one_mon_inc_perc=0.47058823529411775, Random num: 0.8024848607873958
2023-05-23 14:02:12,935 [INFO] Run 1 PH Skip Pct: 0.11764705882352944 User: 52, one_mon_inc_perc=0.47058823529411775, Random num: 0.32198157105692793
2023-05-23 14:02:12,935 [INFO] Run 1 PH Skip Pct: 0.11764705882352944 User: 53, one_mon_inc_perc=0.47058823529411775, Random num: 0.4359210798263763
2023-05-23 14:02:12,936 [INFO] Run 1 PH Skip Pct: 0.11764705882352944 User: 54, one_mon_inc_perc=0.47058823529411775, Random num: 0.9930564830011587
2023-05-23 14:02:12,936 [INFO] Run 1 PH Skip Pct: 0.11764705882352944 User: 55, one_mon_inc_perc=0.47058823529411775, Random num: 0.2631386468088418
2023-05-23 14:02:12,936 [INFO] Run 1 PH Skip Pct: 0.11764705882352944 User: 56, one_mon_inc_perc=0.47058823529411775, Random num: 0.5826936340116294
2023-05-23 14:02:12,937 [INFO] Run 1 PH Skip Pct: 0.11764705882352944 User: 58, one_mon_inc_perc=0.47058823529411775, Random num: 0.859343526734989
2023-05-23 14:02:12,937 [INFO] Run 1 PH Skip Pct: 0.11764705882352944 User: 59, one_mon_inc_perc=0.47058823529411775, Random num: 0.6570496506450695
2023-05-23 14:02:12,938 [WARNING] >>> Claim occurred by user31 in period2
2023-05-23 14:02:12,940 [INFO] Slope:		0.25
2023-05-23 14:02:12,942 [ERROR] [-19.215686274509807, -19.215686274509807, 0.392156862745098, 0.392156862745098, 0.392156862745098, 0.392156862745098, 0.392156862745098, 0.392156862745098, 0.392156862745098, 0.392156862745098, 0.392156862745098, 0.392156862745098, 0.392156862745098, 0.392156862745098, 0.392156862745098, 0.392156862745098, 0.392156862745098, 0.392156862745098, 0.392156862745098, 0.392156862745098, 3.333333333333332, 3.333333333333332, 3.333333333333332, 0.392156862745098, 0.392156862745098, 0.392156862745098, 0.392156862745098, 0.392156862745098, 0.392156862745098, 0.392156862745098, 0.392156862745098, 0.392156862745098, 0.392156862745098, 0.392156862745098, 0.392156862745098, 0.392156862745098, 0.392156862745098, 0.392156862745098, 0.392156862745098, 0.392156862745098, 0.392156862745098, 0.392156862745098, 0.392156862745098, 0.392156862745098, 0.392156862745098, 0.392156862745098, 0.392156862745098, 0.392156862745098, 0.392156862745098, 0.392156862745098]
2023-05-23 14:02:12,942 [ERROR] >>> Invalid mon balance: -10.784313725490243, CR: 1000, _active: 50, missing: -4686.363636363616
